2025-11-10 22:51:17,771 - INFO - üöÄ Starting minimal system test
2025-11-10 22:51:17,772 - INFO - === Testing core imports ===
2025-11-10 22:51:17,773 - ERROR - ‚ùå Core import test failed: No module named 'llama_runner'
Traceback (most recent call last):
  File "F:\llm\llama-runner-async-proxy\tests\minimal_test.py", line 28, in test_core_imports
    from llama_runner.config_loader import config_loader, config
ModuleNotFoundError: No module named 'llama_runner'
2025-11-10 22:51:17,775 - INFO - === Testing file structure ===
2025-11-10 22:51:17,775 - ERROR - ‚ùå config/config.json does not exist
2025-11-10 22:51:17,776 - INFO - ‚úÖ logs/app.log exists
2025-11-10 22:51:17,777 - INFO - ‚úÖ models/ exists
2025-11-10 22:51:17,778 - INFO - ‚úÖ tools/ exists
2025-11-10 22:51:17,778 - INFO - ‚úÖ llama_runner/ exists
2025-11-10 22:51:17,779 - INFO - ‚úÖ docs/README.md exists
2025-11-10 22:51:17,779 - INFO - 
=== TEST SUMMARY ===
2025-11-10 22:51:17,780 - INFO - Core imports: ‚ùå FAIL
2025-11-10 22:51:17,780 - INFO - File structure: ‚ùå FAIL
2025-11-10 22:51:17,780 - ERROR - ‚ùå MINIMAL SYSTEM TEST FAILED!
2025-11-10 22:56:48,847 - INFO - üöÄ Starting minimal system test - Phase 1 Compatible
2025-11-10 22:56:48,848 - INFO - === Testing core imports ===
2025-11-10 22:56:48,861 - INFO - === INITIALISATION COMPATIBLE CONFIG_LOADER ===
2025-11-10 22:56:48,862 - INFO - ‚úÖ llama-server.exe trouv√© : F:\\llm\\llama\\llama-server.exe
2025-11-10 22:56:48,862 - INFO - ‚úÖ R√©pertoire des mod√®les trouv√© : F:\\llm\\llama\\models
2025-11-10 22:56:48,863 - INFO - ‚úÖ ConfigLoader initialis√© avec succ√®s - VERSION COMPATIBLE
2025-11-10 22:56:48,863 - INFO - ‚úÖ config_loader imports successful (compatible API)
2025-11-10 22:56:48,865 - WARNING - ‚ö†Ô∏è Section 'webui' ajout√©e √† la configuration applicative
2025-11-10 22:56:48,866 - WARNING - ‚ö†Ô∏è Section 'metrics' ajout√©e √† la configuration applicative
2025-11-10 22:56:48,868 - INFO - ‚úÖ Configuration applicative charg√©e avec succ√®s
2025-11-10 22:56:48,869 - INFO - ‚úÖ Configuration loaded successfully: JanusCoderV-7B.i1-Q4_K_S
2025-11-10 22:56:49,732 - DEBUG - Successfully imported GGUFReader and LlamaFileType.
2025-11-10 22:56:49,733 - DEBUG - GGUF_AVAILABLE status after import attempt: True
2025-11-10 22:56:49,734 - INFO - Ensured metadata cache directory exists: F:\llm\llama-runner-async-proxy\metadata_cache
2025-11-10 22:56:49,734 - WARNING - ‚ö†Ô∏è Non-critical import warning: cannot import name 'calculate_system_fingerprint' from 'llama_runner.config_loader' (F:\llm\llama-runner-async-proxy\llama_runner\config_loader.py)
2025-11-10 22:56:49,735 - INFO - === Testing file structure ===
2025-11-10 22:56:49,735 - INFO - ‚úÖ config/app_config.json exists
2025-11-10 22:56:49,736 - INFO - ‚úÖ config/models_config.json exists
2025-11-10 22:56:49,736 - INFO - ‚úÖ logs/app.log exists
2025-11-10 22:56:49,737 - INFO - ‚úÖ llama_runner/ exists
2025-11-10 22:56:49,737 - INFO - ‚úÖ main.py exists
2025-11-10 22:56:49,737 - INFO - ‚úÖ LaunchMenu.ps1 exists
2025-11-10 22:56:49,737 - INFO - ‚úÖ dashboard/ exists
2025-11-10 22:56:49,738 - INFO - ‚úÖ docs/README.md exists
2025-11-10 22:56:49,738 - INFO - === Testing configuration validation ===
2025-11-10 22:56:49,744 - INFO - ‚úÖ Configuration loaded for validation
2025-11-10 22:56:49,744 - WARNING - ‚ö†Ô∏è Configuration has 1 validation warnings:
2025-11-10 22:56:49,745 - WARNING -   - [WARNING] config: No models configured
2025-11-10 22:56:49,745 - INFO - 
=== TEST SUMMARY ===
2025-11-10 22:56:49,746 - INFO - Core imports: ‚úÖ PASS
2025-11-10 22:56:49,746 - INFO - File structure: ‚úÖ PASS
2025-11-10 22:56:49,746 - INFO - Config validation: ‚úÖ PASS
2025-11-10 22:56:49,746 - INFO - üéâ MINIMAL SYSTEM TEST PASSED! Ready for Phase 2
